# JRE version: Java(TM) SE Runtime Environment (8.0_111-b14) (build 1.8.0_111-b14)
# Java VM: Java HotSpot(TM) 64-Bit Server VM (25.111-b14 mixed mode windows-amd64 compressed oops)
Heap:
 PSYoungGen      total 136704K, used 42728K [0x00000000e0000000, 0x00000000eb600000, 0x0000000100000000)
  eden space 124928K, 24% used [0x00000000e0000000,0x00000000e1e421e0,0x00000000e7a00000)
  from space 11776K, 99% used [0x00000000e7a00000,0x00000000e8578100,0x00000000e8580000)
  to   space 13312K, 0% used [0x00000000ea900000,0x00000000ea900000,0x00000000eb600000)
 ParOldGen       total 98816K, used 15897K [0x00000000a0000000, 0x00000000a6080000, 0x00000000e0000000)
  object space 98816K, 16% used [0x00000000a0000000,0x00000000a0f86490,0x00000000a6080000)
 Metaspace       used 45899K, capacity 46918K, committed 46976K, reserved 1089536K
  class space    used 6318K, capacity 6527K, committed 6528K, reserved 1048576K
GC Heap History (10 events):
Event: 3.469 GC heap before
{Heap before GC invocations=7 (full 1):
 PSYoungGen      total 71680K, used 71660K [0x00000000e0000000, 0x00000000e6f00000, 0x0000000100000000)
  eden space 66560K, 100% used [0x00000000e0000000,0x00000000e4100000,0x00000000e4100000)
  from space 5120K, 99% used [0x00000000e4100000,0x00000000e45fb208,0x00000000e4600000)
  to   space 10240K, 0% used [0x00000000e6500000,0x00000000e6500000,0x00000000e6f00000)
 ParOldGen       total 66048K, used 10582K [0x00000000a0000000, 0x00000000a4080000, 0x00000000e0000000)
  object space 66048K, 16% used [0x00000000a0000000,0x00000000a0a55bb0,0x00000000a4080000)
 Metaspace       used 27854K, capacity 28314K, committed 28672K, reserved 1073152K
  class space    used 3896K, capacity 4027K, committed 4096K, reserved 1048576K
Event: 3.478 GC heap after
Heap after GC invocations=7 (full 1):
 PSYoungGen      total 100352K, used 5353K [0x00000000e0000000, 0x00000000e6d80000, 0x0000000100000000)
  eden space 91648K, 0% used [0x00000000e0000000,0x00000000e0000000,0x00000000e5980000)
  from space 8704K, 61% used [0x00000000e6500000,0x00000000e6a3a638,0x00000000e6d80000)
  to   space 10240K, 0% used [0x00000000e5980000,0x00000000e5980000,0x00000000e6380000)
 ParOldGen       total 66048K, used 10582K [0x00000000a0000000, 0x00000000a4080000, 0x00000000e0000000)
  object space 66048K, 16% used [0x00000000a0000000,0x00000000a0a55bb0,0x00000000a4080000)
 Metaspace       used 27854K, capacity 28314K, committed 28672K, reserved 1073152K
  class space    used 3896K, capacity 4027K, committed 4096K, reserved 1048576K
}
Event: 4.450 GC heap before
{Heap before GC invocations=8 (full 1):
 PSYoungGen      total 100352K, used 97001K [0x00000000e0000000, 0x00000000e6d80000, 0x0000000100000000)
  eden space 91648K, 100% used [0x00000000e0000000,0x00000000e5980000,0x00000000e5980000)
  from space 8704K, 61% used [0x00000000e6500000,0x00000000e6a3a638,0x00000000e6d80000)
  to   space 10240K, 0% used [0x00000000e5980000,0x00000000e5980000,0x00000000e6380000)
 ParOldGen       total 66048K, used 10582K [0x00000000a0000000, 0x00000000a4080000, 0x00000000e0000000)
  object space 66048K, 16% used [0x00000000a0000000,0x00000000a0a55bb0,0x00000000a4080000)
 Metaspace       used 32699K, capacity 33294K, committed 33664K, reserved 1079296K
  class space    used 4506K, capacity 4672K, committed 4736K, reserved 1048576K
Event: 4.463 GC heap after
Heap after GC invocations=8 (full 1):
 PSYoungGen      total 101888K, used 10058K [0x00000000e0000000, 0x00000000e9080000, 0x0000000100000000)
  eden space 91648K, 0% used [0x00000000e0000000,0x00000000e0000000,0x00000000e5980000)
  from space 10240K, 98% used [0x00000000e5980000,0x00000000e6352840,0x00000000e6380000)
  to   space 11264K, 0% used [0x00000000e8580000,0x00000000e8580000,0x00000000e9080000)
 ParOldGen       total 66048K, used 10590K [0x00000000a0000000, 0x00000000a4080000, 0x00000000e0000000)
  object space 66048K, 16% used [0x00000000a0000000,0x00000000a0a57bb0,0x00000000a4080000)
 Metaspace       used 32699K, capacity 33294K, committed 33664K, reserved 1079296K
  class space    used 4506K, capacity 4672K, committed 4736K, reserved 1048576K
}
Event: 4.636 GC heap before
{Heap before GC invocations=9 (full 1):
 PSYoungGen      total 101888K, used 28768K [0x00000000e0000000, 0x00000000e9080000, 0x0000000100000000)
  eden space 91648K, 20% used [0x00000000e0000000,0x00000000e1245a48,0x00000000e5980000)
  from space 10240K, 98% used [0x00000000e5980000,0x00000000e6352840,0x00000000e6380000)
  to   space 11264K, 0% used [0x00000000e8580000,0x00000000e8580000,0x00000000e9080000)
 ParOldGen       total 66048K, used 10590K [0x00000000a0000000, 0x00000000a4080000, 0x00000000e0000000)
  object space 66048K, 16% used [0x00000000a0000000,0x00000000a0a57bb0,0x00000000a4080000)
 Metaspace       used 34580K, capacity 35090K, committed 35456K, reserved 1079296K
  class space    used 4752K, capacity 4902K, committed 4992K, reserved 1048576K
Event: 4.647 GC heap after
Heap after GC invocations=9 (full 1):
 PSYoungGen      total 136192K, used 8854K [0x00000000e0000000, 0x00000000e9e80000, 0x0000000100000000)
  eden space 124928K, 0% used [0x00000000e0000000,0x00000000e0000000,0x00000000e7a00000)
  from space 11264K, 78% used [0x00000000e8580000,0x00000000e8e25ac0,0x00000000e9080000)
  to   space 11776K, 0% used [0x00000000e7a00000,0x00000000e7a00000,0x00000000e8580000)
 ParOldGen       total 66048K, used 10598K [0x00000000a0000000, 0x00000000a4080000, 0x00000000e0000000)
  object space 66048K, 16% used [0x00000000a0000000,0x00000000a0a59bb0,0x00000000a4080000)
 Metaspace       used 34580K, capacity 35090K, committed 35456K, reserved 1079296K
  class space    used 4752K, capacity 4902K, committed 4992K, reserved 1048576K
}
Event: 4.647 GC heap before
{Heap before GC invocations=10 (full 2):
 PSYoungGen      total 136192K, used 8854K [0x00000000e0000000, 0x00000000e9e80000, 0x0000000100000000)
  eden space 124928K, 0% used [0x00000000e0000000,0x00000000e0000000,0x00000000e7a00000)
  from space 11264K, 78% used [0x00000000e8580000,0x00000000e8e25ac0,0x00000000e9080000)
  to   space 11776K, 0% used [0x00000000e7a00000,0x00000000e7a00000,0x00000000e8580000)
 ParOldGen       total 66048K, used 10598K [0x00000000a0000000, 0x00000000a4080000, 0x00000000e0000000)
  object space 66048K, 16% used [0x00000000a0000000,0x00000000a0a59bb0,0x00000000a4080000)
 Metaspace       used 34580K, capacity 35090K, committed 35456K, reserved 1079296K
  class space    used 4752K, capacity 4902K, committed 4992K, reserved 1048576K
Event: 4.719 GC heap after
Heap after GC invocations=10 (full 2):
 PSYoungGen      total 136192K, used 0K [0x00000000e0000000, 0x00000000e9e80000, 0x0000000100000000)
  eden space 124928K, 0% used [0x00000000e0000000,0x00000000e0000000,0x00000000e7a00000)
  from space 11264K, 0% used [0x00000000e8580000,0x00000000e8580000,0x00000000e9080000)
  to   space 11776K, 0% used [0x00000000e7a00000,0x00000000e7a00000,0x00000000e8580000)
 ParOldGen       total 98816K, used 15588K [0x00000000a0000000, 0x00000000a6080000, 0x00000000e0000000)
  object space 98816K, 15% used [0x00000000a0000000,0x00000000a0f39270,0x00000000a6080000)
 Metaspace       used 34580K, capacity 35090K, committed 35456K, reserved 1079296K
  class space    used 4752K, capacity 4902K, committed 4992K, reserved 1048576K
}
Event: 5.958 GC heap before
{Heap before GC invocations=11 (full 2):
 PSYoungGen      total 136192K, used 124928K [0x00000000e0000000, 0x00000000e9e80000, 0x0000000100000000)
  eden space 124928K, 100% used [0x00000000e0000000,0x00000000e7a00000,0x00000000e7a00000)
  from space 11264K, 0% used [0x00000000e8580000,0x00000000e8580000,0x00000000e9080000)
  to   space 11776K, 0% used [0x00000000e7a00000,0x00000000e7a00000,0x00000000e8580000)
 ParOldGen       total 98816K, used 15588K [0x00000000a0000000, 0x00000000a6080000, 0x00000000e0000000)
  object space 98816K, 15% used [0x00000000a0000000,0x00000000a0f39270,0x00000000a6080000)
 Metaspace       used 43366K, capacity 44292K, committed 44672K, reserved 1087488K
  class space    used 5945K, capacity 6164K, committed 6272K, reserved 1048576K
Event: 5.968 GC heap after
Heap after GC invocations=11 (full 2):
 PSYoungGen      total 136704K, used 11744K [0x00000000e0000000, 0x00000000eb600000, 0x0000000100000000)
  eden space 124928K, 0% used [0x00000000e0000000,0x00000000e0000000,0x00000000e7a00000)
  from space 11776K, 99% used [0x00000000e7a00000,0x00000000e8578100,0x00000000e8580000)
  to   space 13312K, 0% used [0x00000000ea900000,0x00000000ea900000,0x00000000eb600000)
 ParOldGen       total 98816K, used 15897K [0x00000000a0000000, 0x00000000a6080000, 0x00000000e0000000)
  object space 98816K, 16% used [0x00000000a0000000,0x00000000a0f86490,0x00000000a6080000)
 Metaspace       used 43366K, capacity 44292K, committed 44672K, reserved 1087488K
  class space    used 5945K, capacity 6164K, committed 6272K, reserved 1048576K
}

